build/app/intermediates/manifest_merge_blame_file/debug/manifest-merger-blame-debug-report.txt
1<?xml version="1.0" encoding="utf-8"?>
2<manifest xmlns:android="http://schemas.android.com/apk/res/android"
3    package="com.example.blood_doner"
4    android:versionCode="1"
5    android:versionName="1.0.0" >
6
7    <uses-sdk
8        android:minSdkVersion="21"
9        android:targetSdkVersion="31" />
10    <!--
11         The INTERNET permission is required for development. Specifically,
12         the Flutter tool needs it to communicate with the running application
13         to allow setting breakpoints, to provide hot reload, etc.
14    -->
15    <uses-permission android:name="android.permission.INTERNET" />
15-->src/main/AndroidManifest.xml:3:9-70
15-->src/main/AndroidManifest.xml:3:26-68
16    <uses-permission android:name="android.permission.CAMERA" />
16-->src/main/AndroidManifest.xml:4:5-65
16-->src/main/AndroidManifest.xml:4:22-62
17    <uses-permission android:name="android.permission.ACCESS_FINE_LOCATION" />
17-->src/main/AndroidManifest.xml:5:5-79
17-->src/main/AndroidManifest.xml:5:22-76
18    <uses-permission android:name="android.permission.READ_EXTERNAL_STORAGE" />
18-->src/main/AndroidManifest.xml:6:5-80
18-->src/main/AndroidManifest.xml:6:22-77
19    <uses-permission android:name="android.permission.WRITE_EXTERNAL_STORAGE" />
19-->src/main/AndroidManifest.xml:7:5-81
19-->src/main/AndroidManifest.xml:7:22-78
20
21    <uses-feature
21-->src/main/AndroidManifest.xml:8:9-88
22        android:name="android.hardware.camera"
22-->src/main/AndroidManifest.xml:8:23-61
23        android:required="false" />
23-->src/main/AndroidManifest.xml:8:62-86
24    <uses-feature
24-->src/main/AndroidManifest.xml:9:5-94
25        android:name="android.hardware.camera.autofocus"
25-->src/main/AndroidManifest.xml:9:19-67
26        android:required="false" />
26-->src/main/AndroidManifest.xml:9:68-92
27
28    <queries>
28-->src/main/AndroidManifest.xml:10:3-23:15
29        <intent>
29-->src/main/AndroidManifest.xml:11:9-14:18
30            <action android:name="android.intent.action.VIEW" />
30-->src/main/AndroidManifest.xml:12:13-65
30-->src/main/AndroidManifest.xml:12:21-62
31
32            <data android:scheme="https" />
32-->src/main/AndroidManifest.xml:13:13-44
32-->src/main/AndroidManifest.xml:13:19-41
33        </intent>
34        <intent>
34-->src/main/AndroidManifest.xml:15:9-18:18
35            <action android:name="android.intent.action.DIAL" />
35-->src/main/AndroidManifest.xml:16:13-65
35-->src/main/AndroidManifest.xml:16:21-62
36
37            <data android:scheme="tel" />
37-->src/main/AndroidManifest.xml:13:13-44
37-->src/main/AndroidManifest.xml:13:19-41
38        </intent>
39        <intent>
39-->src/main/AndroidManifest.xml:19:9-22:18
40            <action android:name="android.intent.action.SEND" />
40-->src/main/AndroidManifest.xml:20:13-65
40-->src/main/AndroidManifest.xml:20:21-62
41
42            <data android:mimeType="*/*" />
42-->src/main/AndroidManifest.xml:13:13-44
43        </intent>
44    </queries>
45    <queries>
45-->src/main/AndroidManifest.xml:10:3-23:15
46        <intent>
47            <action android:name="android.intent.action.SENDTO" />
48
49            <data android:scheme="mailto" />
49-->src/main/AndroidManifest.xml:13:13-44
49-->src/main/AndroidManifest.xml:13:19-41
50        </intent>
51    </queries>
52
53    <uses-permission android:name="android.permission.WAKE_LOCK" />
53-->[:firebase_messaging] AndroidManifest.xml:10:5-68
53-->[:firebase_messaging] AndroidManifest.xml:10:22-65
54    <uses-permission android:name="android.permission.ACCESS_NETWORK_STATE" /> <!-- Permissions options for the `notification` group -->
54-->[:firebase_messaging] AndroidManifest.xml:11:5-79
54-->[:firebase_messaging] AndroidManifest.xml:11:22-76
55    <uses-permission android:name="android.permission.POST_NOTIFICATIONS" />
55-->[:firebase_messaging] AndroidManifest.xml:13:5-77
55-->[:firebase_messaging] AndroidManifest.xml:13:22-74
56    <uses-permission android:name="android.permission.ACCESS_COARSE_LOCATION" /> <!-- Required by older versions of Google Play services to create IID tokens -->
56-->[:location] AndroidManifest.xml:9:5-81
56-->[:location] AndroidManifest.xml:9:22-78
57    <uses-permission android:name="com.google.android.c2dm.permission.RECEIVE" />
57-->[com.google.firebase:firebase-messaging:23.0.8] AndroidManifest.xml:29:5-82
57-->[com.google.firebase:firebase-messaging:23.0.8] AndroidManifest.xml:29:22-79
58
59    <application
60        android:name="android.app.Application"
61        android:appComponentFactory="androidx.core.app.CoreComponentFactory"
61-->[androidx.core:core:1.8.0] AndroidManifest.xml:24:18-86
62        android:debuggable="true"
63        android:icon="@mipmap/ic_launcher"
64        android:label="blood_doner" >
65        <activity
66            android:name="com.example.blood_doner.MainActivity"
67            android:configChanges="orientation|keyboardHidden|keyboard|screenSize|smallestScreenSize|locale|layoutDirection|fontScale|screenLayout|density|uiMode"
68            android:exported="true"
69            android:hardwareAccelerated="true"
70            android:launchMode="singleTop"
71            android:theme="@style/LaunchTheme"
72            android:windowSoftInputMode="adjustResize" >
73
74            <!--
75                 Specifies an Android theme to apply to this Activity as soon as
76                 the Android process has started. This theme is visible to the user
77                 while the Flutter UI initializes. After that, this theme continues
78                 to determine the Window background behind the Flutter UI.
79            -->
80            <meta-data
81                android:name="io.flutter.embedding.android.NormalTheme"
82                android:resource="@style/NormalTheme" />
83
84            <intent-filter>
85                <action android:name="android.intent.action.MAIN" />
86
87                <category android:name="android.intent.category.LAUNCHER" />
88            </intent-filter>
89            <intent-filter>
90                <action android:name="FLUTTER_NOTIFICATION_CLICK" />
91
92                <category android:name="android.intent.category.DEFAULT" />
92-->[com.google.firebase:firebase-auth:21.0.8] AndroidManifest.xml:36:17-76
92-->[com.google.firebase:firebase-auth:21.0.8] AndroidManifest.xml:36:27-73
93            </intent-filter>
94        </activity>
95        <!--
96             Don't delete the meta-data below.
97             This is used by the Flutter tool to generate GeneratedPluginRegistrant.java
98        -->
99
100        <meta-data
101            android:name="com.google.firebase.messaging.default_notification_channel_id"
102            android:value="@string/default_notification_channel_id" />
103        <meta-data
104            android:name="flutterEmbedding"
105            android:value="2" />
106
107        <service
107-->[:firebase_auth] AndroidManifest.xml:10:9-14:19
108            android:name="com.google.firebase.components.ComponentDiscoveryService"
108-->[:firebase_auth] AndroidManifest.xml:10:18-89
109            android:directBootAware="true"
109-->[com.google.firebase:firebase-common:20.1.2] AndroidManifest.xml:35:13-43
110            android:exported="false" >
110-->[com.google.firebase:firebase-messaging:23.0.8] AndroidManifest.xml:55:13-37
111            <meta-data
111-->[:firebase_auth] AndroidManifest.xml:11:13-13:85
112                android:name="com.google.firebase.components:io.flutter.plugins.firebase.auth.FlutterFirebaseAuthRegistrar"
112-->[:firebase_auth] AndroidManifest.xml:12:17-124
113                android:value="com.google.firebase.components.ComponentRegistrar" />
113-->[:firebase_auth] AndroidManifest.xml:13:17-82
114            <meta-data
114-->[:firebase_storage] AndroidManifest.xml:11:13-13:85
115                android:name="com.google.firebase.components:io.flutter.plugins.firebase.storage.FlutterFirebaseAppRegistrar"
115-->[:firebase_storage] AndroidManifest.xml:12:17-126
116                android:value="com.google.firebase.components.ComponentRegistrar" />
116-->[:firebase_storage] AndroidManifest.xml:13:17-82
117            <meta-data
117-->[:cloud_firestore] AndroidManifest.xml:11:13-13:85
118                android:name="com.google.firebase.components:io.flutter.plugins.firebase.firestore.FlutterFirebaseFirestoreRegistrar"
118-->[:cloud_firestore] AndroidManifest.xml:12:17-134
119                android:value="com.google.firebase.components.ComponentRegistrar" />
119-->[:cloud_firestore] AndroidManifest.xml:13:17-82
120            <meta-data
120-->[:firebase_messaging] AndroidManifest.xml:38:13-40:85
121                android:name="com.google.firebase.components:io.flutter.plugins.firebase.messaging.FlutterFirebaseAppRegistrar"
121-->[:firebase_messaging] AndroidManifest.xml:39:17-128
122                android:value="com.google.firebase.components.ComponentRegistrar" />
122-->[:firebase_messaging] AndroidManifest.xml:40:17-82
123            <meta-data
123-->[:firebase_core] AndroidManifest.xml:11:13-13:85
124                android:name="com.google.firebase.components:io.flutter.plugins.firebase.core.FlutterFirebaseCoreRegistrar"
124-->[:firebase_core] AndroidManifest.xml:12:17-124
125                android:value="com.google.firebase.components.ComponentRegistrar" />
125-->[:firebase_core] AndroidManifest.xml:13:17-82
126            <meta-data
126-->[com.google.firebase:firebase-messaging:23.0.8] AndroidManifest.xml:56:13-58:85
127                android:name="com.google.firebase.components:com.google.firebase.messaging.FirebaseMessagingRegistrar"
127-->[com.google.firebase:firebase-messaging:23.0.8] AndroidManifest.xml:57:17-119
128                android:value="com.google.firebase.components.ComponentRegistrar" />
128-->[com.google.firebase:firebase-messaging:23.0.8] AndroidManifest.xml:58:17-82
129            <meta-data
129-->[com.google.firebase:firebase-datatransport:18.1.6] AndroidManifest.xml:28:13-30:85
130                android:name="com.google.firebase.components:com.google.firebase.datatransport.TransportRegistrar"
130-->[com.google.firebase:firebase-datatransport:18.1.6] AndroidManifest.xml:29:17-115
131                android:value="com.google.firebase.components.ComponentRegistrar" />
131-->[com.google.firebase:firebase-datatransport:18.1.6] AndroidManifest.xml:30:17-82
132            <meta-data
132-->[com.google.firebase:firebase-auth:21.0.8] AndroidManifest.xml:67:13-69:85
133                android:name="com.google.firebase.components:com.google.firebase.auth.FirebaseAuthRegistrar"
133-->[com.google.firebase:firebase-auth:21.0.8] AndroidManifest.xml:68:17-109
134                android:value="com.google.firebase.components.ComponentRegistrar" />
134-->[com.google.firebase:firebase-auth:21.0.8] AndroidManifest.xml:69:17-82
135            <meta-data
135-->[com.google.firebase:firebase-firestore:24.3.1] AndroidManifest.xml:20:13-22:85
136                android:name="com.google.firebase.components:com.google.firebase.firestore.FirestoreRegistrar"
136-->[com.google.firebase:firebase-firestore:24.3.1] AndroidManifest.xml:21:17-111
137                android:value="com.google.firebase.components.ComponentRegistrar" />
137-->[com.google.firebase:firebase-firestore:24.3.1] AndroidManifest.xml:22:17-82
138            <meta-data
138-->[com.google.firebase:firebase-storage:20.0.2] AndroidManifest.xml:33:13-35:85
139                android:name="com.google.firebase.components:com.google.firebase.storage.StorageRegistrar"
139-->[com.google.firebase:firebase-storage:20.0.2] AndroidManifest.xml:34:17-107
140                android:value="com.google.firebase.components.ComponentRegistrar" />
140-->[com.google.firebase:firebase-storage:20.0.2] AndroidManifest.xml:35:17-82
141            <meta-data
141-->[com.google.firebase:firebase-installations:17.0.3] AndroidManifest.xml:18:13-20:85
142                android:name="com.google.firebase.components:com.google.firebase.installations.FirebaseInstallationsRegistrar"
142-->[com.google.firebase:firebase-installations:17.0.3] AndroidManifest.xml:19:17-127
143                android:value="com.google.firebase.components.ComponentRegistrar" />
143-->[com.google.firebase:firebase-installations:17.0.3] AndroidManifest.xml:20:17-82
144        </service>
145        <service
145-->[:firebase_messaging] AndroidManifest.xml:16:9-19:72
146            android:name="io.flutter.plugins.firebase.messaging.FlutterFirebaseMessagingBackgroundService"
146-->[:firebase_messaging] AndroidManifest.xml:17:13-107
147            android:exported="false"
147-->[:firebase_messaging] AndroidManifest.xml:18:13-37
148            android:permission="android.permission.BIND_JOB_SERVICE" />
148-->[:firebase_messaging] AndroidManifest.xml:19:13-69
149        <service
149-->[:firebase_messaging] AndroidManifest.xml:20:9-26:19
150            android:name="io.flutter.plugins.firebase.messaging.FlutterFirebaseMessagingService"
150-->[:firebase_messaging] AndroidManifest.xml:21:13-97
151            android:exported="false" >
151-->[:firebase_messaging] AndroidManifest.xml:22:13-37
152            <intent-filter>
152-->[:firebase_messaging] AndroidManifest.xml:23:13-25:29
153                <action android:name="com.google.firebase.MESSAGING_EVENT" />
153-->[:firebase_messaging] AndroidManifest.xml:24:17-78
153-->[:firebase_messaging] AndroidManifest.xml:24:25-75
154            </intent-filter>
155        </service>
156
157        <receiver
157-->[:firebase_messaging] AndroidManifest.xml:28:9-35:20
158            android:name="io.flutter.plugins.firebase.messaging.FlutterFirebaseMessagingReceiver"
158-->[:firebase_messaging] AndroidManifest.xml:29:13-98
159            android:exported="true"
159-->[:firebase_messaging] AndroidManifest.xml:30:13-36
160            android:permission="com.google.android.c2dm.permission.SEND" >
160-->[:firebase_messaging] AndroidManifest.xml:31:13-73
161            <intent-filter>
161-->[:firebase_messaging] AndroidManifest.xml:32:13-34:29
162                <action android:name="com.google.android.c2dm.intent.RECEIVE" />
162-->[:firebase_messaging] AndroidManifest.xml:33:17-81
162-->[:firebase_messaging] AndroidManifest.xml:33:25-78
163            </intent-filter>
164        </receiver>
165
166        <provider
166-->[:firebase_messaging] AndroidManifest.xml:43:9-47:38
167            android:name="io.flutter.plugins.firebase.messaging.FlutterFirebaseMessagingInitProvider"
167-->[:firebase_messaging] AndroidManifest.xml:44:13-102
168            android:authorities="com.example.blood_doner.flutterfirebasemessaginginitprovider"
168-->[:firebase_messaging] AndroidManifest.xml:45:13-88
169            android:exported="false"
169-->[:firebase_messaging] AndroidManifest.xml:46:13-37
170            android:initOrder="99" />
170-->[:firebase_messaging] AndroidManifest.xml:47:13-35
171        <provider
171-->[:image_picker_android] AndroidManifest.xml:10:9-18:20
172            android:name="io.flutter.plugins.imagepicker.ImagePickerFileProvider"
172-->[:image_picker_android] AndroidManifest.xml:11:13-82
173            android:authorities="com.example.blood_doner.flutter.image_provider"
173-->[:image_picker_android] AndroidManifest.xml:12:13-74
174            android:exported="false"
174-->[:image_picker_android] AndroidManifest.xml:13:13-37
175            android:grantUriPermissions="true" >
175-->[:image_picker_android] AndroidManifest.xml:14:13-47
176            <meta-data
176-->[:image_picker_android] AndroidManifest.xml:15:13-17:75
177                android:name="android.support.FILE_PROVIDER_PATHS"
177-->[:image_picker_android] AndroidManifest.xml:16:17-67
178                android:resource="@xml/flutter_image_picker_file_paths" />
178-->[:image_picker_android] AndroidManifest.xml:17:17-72
179        </provider>
180
181        <service
181-->[:location] AndroidManifest.xml:13:9-17:56
182            android:name="com.lyokone.location.FlutterLocationService"
182-->[:location] AndroidManifest.xml:14:13-71
183            android:enabled="true"
183-->[:location] AndroidManifest.xml:15:13-35
184            android:exported="false"
184-->[:location] AndroidManifest.xml:16:13-37
185            android:foregroundServiceType="location" />
185-->[:location] AndroidManifest.xml:17:13-53
186
187        <uses-library
187-->[androidx.window:window:1.0.0-beta04] AndroidManifest.xml:25:9-27:40
188            android:name="androidx.window.extensions"
188-->[androidx.window:window:1.0.0-beta04] AndroidManifest.xml:26:13-54
189            android:required="false" />
189-->[androidx.window:window:1.0.0-beta04] AndroidManifest.xml:27:13-37
190        <uses-library
190-->[androidx.window:window:1.0.0-beta04] AndroidManifest.xml:28:9-30:40
191            android:name="androidx.window.sidecar"
191-->[androidx.window:window:1.0.0-beta04] AndroidManifest.xml:29:13-51
192            android:required="false" />
192-->[androidx.window:window:1.0.0-beta04] AndroidManifest.xml:30:13-37
193
194        <receiver
194-->[com.google.firebase:firebase-messaging:23.0.8] AndroidManifest.xml:32:9-39:20
195            android:name="com.google.firebase.iid.FirebaseInstanceIdReceiver"
195-->[com.google.firebase:firebase-messaging:23.0.8] AndroidManifest.xml:33:13-78
196            android:exported="true"
196-->[com.google.firebase:firebase-messaging:23.0.8] AndroidManifest.xml:34:13-36
197            android:permission="com.google.android.c2dm.permission.SEND" >
197-->[com.google.firebase:firebase-messaging:23.0.8] AndroidManifest.xml:35:13-73
198            <intent-filter>
198-->[:firebase_messaging] AndroidManifest.xml:32:13-34:29
199                <action android:name="com.google.android.c2dm.intent.RECEIVE" />
199-->[:firebase_messaging] AndroidManifest.xml:33:17-81
199-->[:firebase_messaging] AndroidManifest.xml:33:25-78
200            </intent-filter>
201        </receiver>
202        <!--
203             FirebaseMessagingService performs security checks at runtime,
204             but set to not exported to explicitly avoid allowing another app to call it.
205        -->
206        <service
206-->[com.google.firebase:firebase-messaging:23.0.8] AndroidManifest.xml:45:9-52:19
207            android:name="com.google.firebase.messaging.FirebaseMessagingService"
207-->[com.google.firebase:firebase-messaging:23.0.8] AndroidManifest.xml:46:13-82
208            android:directBootAware="true"
208-->[com.google.firebase:firebase-messaging:23.0.8] AndroidManifest.xml:47:13-43
209            android:exported="false" >
209-->[com.google.firebase:firebase-messaging:23.0.8] AndroidManifest.xml:48:13-37
210            <intent-filter android:priority="-500" >
210-->[:firebase_messaging] AndroidManifest.xml:23:13-25:29
211                <action android:name="com.google.firebase.MESSAGING_EVENT" />
211-->[:firebase_messaging] AndroidManifest.xml:24:17-78
211-->[:firebase_messaging] AndroidManifest.xml:24:25-75
212            </intent-filter>
213        </service>
214        <service
214-->[com.google.android.datatransport:transport-backend-cct:3.1.7] AndroidManifest.xml:29:9-35:19
215            android:name="com.google.android.datatransport.runtime.backends.TransportBackendDiscovery"
215-->[com.google.android.datatransport:transport-backend-cct:3.1.7] AndroidManifest.xml:30:13-103
216            android:exported="false" >
216-->[com.google.android.datatransport:transport-backend-cct:3.1.7] AndroidManifest.xml:31:13-37
217            <meta-data
217-->[com.google.android.datatransport:transport-backend-cct:3.1.7] AndroidManifest.xml:32:13-34:39
218                android:name="backend:com.google.android.datatransport.cct.CctBackendFactory"
218-->[com.google.android.datatransport:transport-backend-cct:3.1.7] AndroidManifest.xml:33:17-94
219                android:value="cct" />
219-->[com.google.android.datatransport:transport-backend-cct:3.1.7] AndroidManifest.xml:34:17-36
220        </service>
221        <service
221-->[com.google.android.datatransport:transport-runtime:3.1.7] AndroidManifest.xml:26:9-30:19
222            android:name="com.google.android.datatransport.runtime.scheduling.jobscheduling.JobInfoSchedulerService"
222-->[com.google.android.datatransport:transport-runtime:3.1.7] AndroidManifest.xml:27:13-117
223            android:exported="false"
223-->[com.google.android.datatransport:transport-runtime:3.1.7] AndroidManifest.xml:28:13-37
224            android:permission="android.permission.BIND_JOB_SERVICE" >
224-->[com.google.android.datatransport:transport-runtime:3.1.7] AndroidManifest.xml:29:13-69
225        </service>
226
227        <receiver
227-->[com.google.android.datatransport:transport-runtime:3.1.7] AndroidManifest.xml:32:9-34:40
228            android:name="com.google.android.datatransport.runtime.scheduling.jobscheduling.AlarmManagerSchedulerBroadcastReceiver"
228-->[com.google.android.datatransport:transport-runtime:3.1.7] AndroidManifest.xml:33:13-132
229            android:exported="false" />
229-->[com.google.android.datatransport:transport-runtime:3.1.7] AndroidManifest.xml:34:13-37
230
231        <activity
231-->[com.google.firebase:firebase-auth:21.0.8] AndroidManifest.xml:27:9-44:20
232            android:name="com.google.firebase.auth.internal.GenericIdpActivity"
232-->[com.google.firebase:firebase-auth:21.0.8] AndroidManifest.xml:28:13-80
233            android:excludeFromRecents="true"
233-->[com.google.firebase:firebase-auth:21.0.8] AndroidManifest.xml:29:13-46
234            android:exported="true"
234-->[com.google.firebase:firebase-auth:21.0.8] AndroidManifest.xml:30:13-36
235            android:launchMode="singleTask"
235-->[com.google.firebase:firebase-auth:21.0.8] AndroidManifest.xml:31:13-44
236            android:theme="@android:style/Theme.Translucent.NoTitleBar" >
236-->[com.google.firebase:firebase-auth:21.0.8] AndroidManifest.xml:32:13-72
237            <intent-filter>
237-->[com.google.firebase:firebase-auth:21.0.8] AndroidManifest.xml:33:13-43:29
238                <action android:name="android.intent.action.VIEW" />
238-->src/main/AndroidManifest.xml:12:13-65
238-->src/main/AndroidManifest.xml:12:21-62
239
240                <category android:name="android.intent.category.DEFAULT" />
240-->[com.google.firebase:firebase-auth:21.0.8] AndroidManifest.xml:36:17-76
240-->[com.google.firebase:firebase-auth:21.0.8] AndroidManifest.xml:36:27-73
241                <category android:name="android.intent.category.BROWSABLE" />
241-->[com.google.firebase:firebase-auth:21.0.8] AndroidManifest.xml:37:17-78
241-->[com.google.firebase:firebase-auth:21.0.8] AndroidManifest.xml:37:27-75
242
243                <data
243-->src/main/AndroidManifest.xml:13:13-44
244                    android:host="firebase.auth"
245                    android:path="/"
246                    android:scheme="genericidp" />
246-->src/main/AndroidManifest.xml:13:19-41
247            </intent-filter>
248        </activity>
249        <activity
249-->[com.google.firebase:firebase-auth:21.0.8] AndroidManifest.xml:45:9-62:20
250            android:name="com.google.firebase.auth.internal.RecaptchaActivity"
250-->[com.google.firebase:firebase-auth:21.0.8] AndroidManifest.xml:46:13-79
251            android:excludeFromRecents="true"
251-->[com.google.firebase:firebase-auth:21.0.8] AndroidManifest.xml:47:13-46
252            android:exported="true"
252-->[com.google.firebase:firebase-auth:21.0.8] AndroidManifest.xml:48:13-36
253            android:launchMode="singleTask"
253-->[com.google.firebase:firebase-auth:21.0.8] AndroidManifest.xml:49:13-44
254            android:theme="@android:style/Theme.Translucent.NoTitleBar" >
254-->[com.google.firebase:firebase-auth:21.0.8] AndroidManifest.xml:50:13-72
255            <intent-filter>
255-->[com.google.firebase:firebase-auth:21.0.8] AndroidManifest.xml:51:13-61:29
256                <action android:name="android.intent.action.VIEW" />
256-->src/main/AndroidManifest.xml:12:13-65
256-->src/main/AndroidManifest.xml:12:21-62
257
258                <category android:name="android.intent.category.DEFAULT" />
258-->[com.google.firebase:firebase-auth:21.0.8] AndroidManifest.xml:36:17-76
258-->[com.google.firebase:firebase-auth:21.0.8] AndroidManifest.xml:36:27-73
259                <category android:name="android.intent.category.BROWSABLE" />
259-->[com.google.firebase:firebase-auth:21.0.8] AndroidManifest.xml:37:17-78
259-->[com.google.firebase:firebase-auth:21.0.8] AndroidManifest.xml:37:27-75
260
261                <data
261-->src/main/AndroidManifest.xml:13:13-44
262                    android:host="firebase.auth"
263                    android:path="/"
264                    android:scheme="recaptcha" />
264-->src/main/AndroidManifest.xml:13:19-41
265            </intent-filter>
266        </activity>
267
268        <provider
268-->[com.google.firebase:firebase-common:20.1.2] AndroidManifest.xml:26:9-31:39
269            android:name="com.google.firebase.provider.FirebaseInitProvider"
269-->[com.google.firebase:firebase-common:20.1.2] AndroidManifest.xml:27:13-77
270            android:authorities="com.example.blood_doner.firebaseinitprovider"
270-->[com.google.firebase:firebase-common:20.1.2] AndroidManifest.xml:28:13-72
271            android:directBootAware="true"
271-->[com.google.firebase:firebase-common:20.1.2] AndroidManifest.xml:29:13-43
272            android:exported="false"
272-->[com.google.firebase:firebase-common:20.1.2] AndroidManifest.xml:30:13-37
273            android:initOrder="100" />
273-->[com.google.firebase:firebase-common:20.1.2] AndroidManifest.xml:31:13-36
274
275        <activity
275-->[com.google.android.gms:play-services-auth:20.0.1] AndroidManifest.xml:23:9-27:75
276            android:name="com.google.android.gms.auth.api.signin.internal.SignInHubActivity"
276-->[com.google.android.gms:play-services-auth:20.0.1] AndroidManifest.xml:24:13-93
277            android:excludeFromRecents="true"
277-->[com.google.android.gms:play-services-auth:20.0.1] AndroidManifest.xml:25:13-46
278            android:exported="false"
278-->[com.google.android.gms:play-services-auth:20.0.1] AndroidManifest.xml:26:13-37
279            android:theme="@android:style/Theme.Translucent.NoTitleBar" />
279-->[com.google.android.gms:play-services-auth:20.0.1] AndroidManifest.xml:27:13-72
280        <!--
281            Service handling Google Sign-In user revocation. For apps that do not integrate with
282            Google Sign-In, this service will never be started.
283        -->
284        <service
284-->[com.google.android.gms:play-services-auth:20.0.1] AndroidManifest.xml:33:9-37:51
285            android:name="com.google.android.gms.auth.api.signin.RevocationBoundService"
285-->[com.google.android.gms:play-services-auth:20.0.1] AndroidManifest.xml:34:13-89
286            android:exported="true"
286-->[com.google.android.gms:play-services-auth:20.0.1] AndroidManifest.xml:35:13-36
287            android:permission="com.google.android.gms.auth.api.signin.permission.REVOCATION_NOTIFICATION"
287-->[com.google.android.gms:play-services-auth:20.0.1] AndroidManifest.xml:36:13-107
288            android:visibleToInstantApps="true" />
288-->[com.google.android.gms:play-services-auth:20.0.1] AndroidManifest.xml:37:13-48
289
290        <activity
290-->[com.google.android.gms:play-services-base:18.0.1] AndroidManifest.xml:20:9-22:45
291            android:name="com.google.android.gms.common.api.GoogleApiActivity"
291-->[com.google.android.gms:play-services-base:18.0.1] AndroidManifest.xml:20:19-85
292            android:exported="false"
292-->[com.google.android.gms:play-services-base:18.0.1] AndroidManifest.xml:22:19-43
293            android:theme="@android:style/Theme.Translucent.NoTitleBar" />
293-->[com.google.android.gms:play-services-base:18.0.1] AndroidManifest.xml:21:19-78
294
295        <meta-data
295-->[com.google.android.gms:play-services-basement:18.1.0] AndroidManifest.xml:21:9-23:69
296            android:name="com.google.android.gms.version"
296-->[com.google.android.gms:play-services-basement:18.1.0] AndroidManifest.xml:22:13-58
297            android:value="@integer/google_play_services_version" />
297-->[com.google.android.gms:play-services-basement:18.1.0] AndroidManifest.xml:23:13-66
298    </application>
299
300</manifest>